Starting CryptAlyze Bot Interface

> cryptalyze-bot@1.0.0 dev
> concurrently "node cors &" "vite"

[0] [2023-04-25T19:20:37.805Z] CORS Anywhere started on port 8080
[1] [31mfailed to load config from C:\Users\aFluxx\Desktop\cryptalyze-bot\vite.config.js[39m
[1] [31merror when starting dev server:
[1] Error: Cannot find module 'node:module'
[1] Require stack:
[1] - C:\Users\aFluxx\Desktop\cryptalyze-bot\node_modules\vite-plugin-node-polyfills\dist\index.cjs
[1] - C:\Users\aFluxx\Desktop\cryptalyze-bot\vite.config.js
[1] - C:\Users\aFluxx\Desktop\cryptalyze-bot\node_modules\vite\dist\node\chunks\dep-24daf00c.js
[1]     at Function.Module._resolveFilename (internal/modules/cjs/loader.js:880:15)
[1]     at Function.Module._load (internal/modules/cjs/loader.js:725:27)
[1]     at Module.require (internal/modules/cjs/loader.js:952:19)
[1]     at require (internal/modules/cjs/helpers.js:88:18)
[1]     at Module.<anonymous> (C:\Users\aFluxx\Desktop\cryptalyze-bot\node_modules\vite-plugin-node-polyfills\dist\index.cjs:1:89)
[1]     at Module._compile (internal/modules/cjs/loader.js:1063:30)
[1]     at Module._extensions..js (internal/modules/cjs/loader.js:1092:10)
[1]     at Object._require.extensions.<computed> [as .js] (file:///C:/Users/aFluxx/Desktop/cryptalyze-bot/node_modules/vite/dist/node/chunks/dep-24daf00c.js:64459:17)
[1]     at Module.load (internal/modules/cjs/loader.js:928:32)
[1]     at Function.Module._load (internal/modules/cjs/loader.js:769:14)[39m
[1] vite exited with code 1
Starting CryptAlyze Bot Interface

> cryptalyze-bot@1.0.0 dev
> concurrently "node cors &" "vite"

[0] [2023-04-25T19:21:58.504Z] CORS Anywhere started on port 8080
[1] [31mfailed to load config from C:\Users\aFluxx\Desktop\cryptalyze-bot\vite.config.js[39m
[1] [31merror when starting dev server:
[1] Error: Cannot find module 'node:module'
[1] Require stack:
[1] - C:\Users\aFluxx\Desktop\cryptalyze-bot\node_modules\vite-plugin-node-polyfills\dist\index.cjs
[1] - C:\Users\aFluxx\Desktop\cryptalyze-bot\vite.config.js
[1] - C:\Users\aFluxx\Desktop\cryptalyze-bot\node_modules\vite\dist\node\chunks\dep-24daf00c.js
[1]     at Function.Module._resolveFilename (internal/modules/cjs/loader.js:880:15)
[1]     at Function.Module._load (internal/modules/cjs/loader.js:725:27)
[1]     at Module.require (internal/modules/cjs/loader.js:952:19)
[1]     at require (internal/modules/cjs/helpers.js:88:18)
[1]     at Module.<anonymous> (C:\Users\aFluxx\Desktop\cryptalyze-bot\node_modules\vite-plugin-node-polyfills\dist\index.cjs:1:89)
[1]     at Module._compile (internal/modules/cjs/loader.js:1063:30)
[1]     at Module._extensions..js (internal/modules/cjs/loader.js:1092:10)
[1]     at Object._require.extensions.<computed> [as .js] (file:///C:/Users/aFluxx/Desktop/cryptalyze-bot/node_modules/vite/dist/node/chunks/dep-24daf00c.js:64459:17)
[1]     at Module.load (internal/modules/cjs/loader.js:928:32)
[1]     at Function.Module._load (internal/modules/cjs/loader.js:769:14)[39m
[1] vite exited with code 1
Terminate batch job (Y/N)? [0] ^Cnode cors & exited with code 0
Starting CryptAlyze Bot Interface

> cryptalyze-bot@1.0.0 dev
> concurrently "node cors &" "vite"

[0] [2023-04-27T00:12:49.966Z] CORS Anywhere started on port 8081
[1] 
[1]   [32m[1mVITE[22m v4.3.1[39m  [2mready in [0m[1m1442[22m[2m[0m ms[22m
[1] 
[1]   [32m➜[39m  [1mLocal[22m:   [36mhttp://localhost:[1m5173[22m/[39m
[1] [2m  [32m➜[39m  [1mNetwork[22m[2m: use [22m[1m--host[22m[2m to expose[22m
Terminate batch job (Y/N)? [0] ^C^Cnode cors & exited with code 0
[1] vite exited with code 3221225786
Starting CryptAlyze Bot Interface

> cryptalyze-bot@1.0.0 dev
> concurrently "node cors &" "vite"

[0] [2023-04-27T06:12:33.394Z] CORS Anywhere started on port 8081
[1] 
[1]   [32m[1mVITE[22m v4.3.1[39m  [2mready in [0m[1m5075[22m[2m[0m ms[22m
[1] 
[1]   [32m➜[39m  [1mLocal[22m:   [36mhttp://localhost:[1m5173[22m/[39m
[1] [2m  [32m➜[39m  [1mNetwork[22m[2m: use [22m[1m--host[22m[2m to expose[22m
Terminate batch job (Y/N)? [0] ^C^Cvite exited with code 3221225786
[0] node cors & exited with code 0
